<?xml version="1.0" encoding="UTF-8"?>
<coverage generated="1787588465">
  <project timestamp="1787588465">
    <file name="/home/runner/work/regex-rule/regex-rule/src/RegexRule.php">
      <class name="Aegisora\Rules\RegexRule" namespace="global">
        <metrics complexity="8" methods="4" coveredmethods="4" conditionals="0" coveredconditionals="0" statements="14" coveredstatements="14" elements="18" coveredelements="18"/>
      </class>
      <line num="16" type="method" name="__construct" visibility="public" complexity="1" crap="1" count="27"/>
      <line num="18" type="stmt" count="27"/>
      <line num="21" type="method" name="create" visibility="public" complexity="1" crap="1" count="27"/>
      <line num="24" type="stmt" count="27"/>
      <line num="27" type="method" name="executeValidate" visibility="protected" complexity="4" crap="4" count="27"/>
      <line num="29" type="stmt" count="27"/>
      <line num="31" type="stmt" count="25"/>
      <line num="33" type="stmt" count="25"/>
      <line num="34" type="stmt" count="14"/>
      <line num="37" type="stmt" count="11"/>
      <line num="39" type="stmt" count="11"/>
      <line num="40" type="stmt" count="1"/>
      <line num="41" type="stmt" count="1"/>
      <line num="42" type="stmt" count="1"/>
      <line num="45" type="stmt" count="10"/>
      <line num="51" type="method" name="validatePattern" visibility="private" complexity="2" crap="2" count="27"/>
      <line num="53" type="stmt" count="27"/>
      <line num="54" type="stmt" count="2"/>
      <metrics loc="58" ncloc="55" classes="1" methods="4" coveredmethods="4" conditionals="0" coveredconditionals="0" statements="14" coveredstatements="14" elements="18" coveredelements="18"/>
    </file>
    <metrics files="1" loc="58" ncloc="55" classes="1" methods="4" coveredmethods="4" conditionals="0" coveredconditionals="0" statements="14" coveredstatements="14" elements="18" coveredelements="18"/>
  </project>
</coverage>
